info it worked if it ends with ok
verbose cli [ 'node', '/usr/local/bin/npm', 'install', 'mongodb', '-g' ]
info using npm@1.1.18
info using node@v0.6.15
verbose config file /home/bmayen/.npmrc
verbose config file /usr/local/etc/npmrc
verbose config file /usr/local/lib/node_modules/npm/npmrc
verbose cache add [ 'mongodb', null ]
silly cache add: name, spec, args [ undefined, 'mongodb', [ 'mongodb', null ] ]
verbose parsed url { pathname: 'mongodb', path: 'mongodb', href: 'mongodb' }
verbose addNamed [ 'mongodb', '' ]
verbose addNamed [ null, '' ]
silly name, range, hasData [ 'mongodb', '', false ]
verbose raw, before any munging mongodb
verbose url resolving [ 'https://registry.npmjs.org/', './mongodb' ]
verbose url resolved https://registry.npmjs.org/mongodb
verbose etag "4TOHY345PDKKZCM4G770U9H6G"
http GET https://registry.npmjs.org/mongodb
http 304 https://registry.npmjs.org/mongodb
silly get cb [ 304,
silly get cb   { server: 'CouchDB/1.2.0 (Erlang OTP/R15B)',
silly get cb     etag: '"4TOHY345PDKKZCM4G770U9H6G"',
silly get cb     date: 'Fri, 04 May 2012 03:18:17 GMT',
silly get cb     'content-length': '0' } ]
verbose etag mongodb from cache
silly name, range, hasData 2 [ 'mongodb', '', true ]
silly versions [ 'mongodb',
silly versions   [ '0.9.4',
silly versions     '0.9.4-4',
silly versions     '0.9.3',
silly versions     '0.9.1',
silly versions     '0.9.2',
silly versions     '0.9.6-7',
silly versions     '0.9.6-8',
silly versions     '0.9.6-9',
silly versions     '0.9.6-10',
silly versions     '0.9.6-11',
silly versions     '0.9.6-12',
silly versions     '0.9.6-13',
silly versions     '0.9.6-14',
silly versions     '0.9.6-15',
silly versions     '0.9.6-16',
silly versions     '0.9.6-17',
silly versions     '0.9.6-18',
silly versions     '0.9.6-19',
silly versions     '0.9.6-20',
silly versions     '0.9.6-21',
silly versions     '0.9.6-22',
silly versions     '0.9.6-23',
silly versions     '0.9.7',
silly versions     '0.9.7-0',
silly versions     '0.9.7-1',
silly versions     '0.9.7-1.1',
silly versions     '0.9.7-1.2',
silly versions     '0.9.7-1.3',
silly versions     '0.9.7-1.4',
silly versions     '0.9.7-2',
silly versions     '0.9.7-2-1',
silly versions     '0.9.7-2-2',
silly versions     '0.9.7-2-3',
silly versions     '0.9.7-2-4',
silly versions     '0.9.7-2-5',
silly versions     '0.9.7-3',
silly versions     '0.9.7-3-1',
silly versions     '0.9.7-3-2',
silly versions     '0.9.7-3-3',
silly versions     '0.9.7-3-4',
silly versions     '0.9.7-3-5',
silly versions     '0.9.8',
silly versions     '0.9.8-1',
silly versions     '0.9.8-2',
silly versions     '0.9.8-3',
silly versions     '0.9.8-4',
silly versions     '0.9.8-5',
silly versions     '0.9.8-6',
silly versions     '0.9.8-7',
silly versions     '0.9.9',
silly versions     '0.9.9-1',
silly versions     '0.9.9-2',
silly versions     '0.9.9-3',
silly versions     '0.9.9-4',
silly versions     '0.9.9-5',
silly versions     '0.9.9-6',
silly versions     '0.9.9-7',
silly versions     '0.9.9-8',
silly versions     '1.0.0' ] ]
verbose bin dist [ '0.6-ares1.7.5-DEV-evundefined-openssl1.0.1-v83.6.6.24-linux-ia32-3.2.0-24-generic',
verbose bin dist   { shasum: 'e517de4c78c151d1c876546827cb3c955b7972e9',
verbose bin dist     tarball: 'http://registry.npmjs.org/mongodb/-/mongodb-1.0.0.tgz' } ]
verbose caching /home/bmayen/.npm/mongodb/1.0.0/package/package.json
verbose loadDefaults mongodb@1.0.0
silly resolved [ { name: 'mongodb',
silly resolved     description: 'A node.js driver for MongoDB',
silly resolved     keywords: [ 'mongodb', 'mongo', 'driver', 'db' ],
silly resolved     version: '1.0.0',
silly resolved     author: { name: 'Christian Amor Kvalheim', email: 'christkv@gmail.com' },
silly resolved     contributors: 
silly resolved      [ { name: 'Aaron Heckmann' },
silly resolved        { name: 'Christoph Pojer' },
silly resolved        { name: 'Pau Ramon Revilla' },
silly resolved        { name: 'Nathan White' },
silly resolved        { name: 'Emmerman' },
silly resolved        { name: 'Seth LaForge' },
silly resolved        { name: 'Boris Filipov' },
silly resolved        { name: 'Stefan Schärmeli' },
silly resolved        { name: 'Tedde Lundgren' },
silly resolved        { name: 'renctan' },
silly resolved        { name: 'Sergey Ukustov' },
silly resolved        { name: 'Ciaran Jessup' },
silly resolved        { name: 'kuno' },
silly resolved        { name: 'srimonti' },
silly resolved        { name: 'Erik Abele' },
silly resolved        { name: 'Pratik Daga' },
silly resolved        { name: 'Slobodan Utvic' },
silly resolved        { name: 'Kristina Chodorow' },
silly resolved        { name: 'Yonathan Randolph' },
silly resolved        { name: 'Brian Noguchi' },
silly resolved        { name: 'Sam Epstein' },
silly resolved        { name: 'James Harrison Fisher' },
silly resolved        { name: 'Vladimir Dronnikov' },
silly resolved        { name: 'Ben Hockey' },
silly resolved        { name: 'Henrik Johansson' },
silly resolved        { name: 'Simon Weare' },
silly resolved        { name: 'Alex Gorbatchev' },
silly resolved        { name: 'Shimon Doodkin' },
silly resolved        { name: 'Kyle Mueller' },
silly resolved        { name: 'Eran Hammer-Lahav' },
silly resolved        { name: 'Marcin Ciszak' },
silly resolved        { name: 'François de Metz' },
silly resolved        { name: 'Vinay Pulim' },
silly resolved        { name: 'nstielau' },
silly resolved        { name: 'Adam Wiggins' },
silly resolved        { name: 'entrinzikyl' },
silly resolved        { name: 'Jeremy Selier' },
silly resolved        { name: 'Ian Millington' },
silly resolved        { name: 'Public Keating' },
silly resolved        { name: 'andrewjstone' },
silly resolved        { name: 'Christopher Stott' },
silly resolved        { name: 'Corey Jewett' },
silly resolved        { name: 'brettkiefer' },
silly resolved        { name: 'Rob Holland' },
silly resolved        { name: 'Senmiao Liu' },
silly resolved        { name: 'heroic' },
silly resolved        { name: 'gitfy' },
silly resolved        { name: 'Andrew Stone' },
silly resolved        { name: 'John Le Drew' } ],
silly resolved     repository: 
silly resolved      { type: 'git',
silly resolved        url: 'git://github.com/mongodb/node-mongodb-native.git' },
silly resolved     bugs: 
silly resolved      { email: 'node-mongodb-native@googlegroups.com',
silly resolved        url: 'http://github.com/mongodb/node-mongodb-native/issues' },
silly resolved     dependencies: { bson: '0.0.4' },
silly resolved     devDependencies: 
silly resolved      { dox: '0.2.0',
silly resolved        'uglify-js': '1.2.5',
silly resolved        ejs: '0.6.1',
silly resolved        nodeunit: '0.7.3',
silly resolved        github3: '>=0.3.0',
silly resolved        markdown: '0.3.1',
silly resolved        gleak: '0.2.3',
silly resolved        step: '0.0.5' },
silly resolved     config: { native: false },
silly resolved     main: './lib/mongodb/index',
silly resolved     directories: { lib: './lib/mongodb' },
silly resolved     engines: { node: '>=0.4.0' },
silly resolved     scripts: { test: 'make test_pure' },
silly resolved     licenses: 
silly resolved      [ { type: 'Apache License, Version 2.0',
silly resolved          url: 'http://www.apache.org/licenses/LICENSE-2.0' } ],
silly resolved     _id: 'mongodb@1.0.0',
silly resolved     optionalDependencies: {},
silly resolved     _engineSupported: true,
silly resolved     _npmVersion: '1.1.18',
silly resolved     _nodeVersion: 'v0.6.15',
silly resolved     _defaultsLoaded: true,
silly resolved     _from: 'mongodb' } ]
info into /usr/local/lib mongodb@1.0.0
info installOne mongodb@1.0.0
verbose from cache /home/bmayen/.npm/mongodb/1.0.0/package/package.json
info unbuild /usr/local/lib/node_modules/mongodb
verbose caching /usr/local/lib/node_modules/mongodb/package.json
info preuninstall mongodb@1.0.0
info uninstall mongodb@1.0.0
verbose unbuild mongodb@1.0.0 [ true,
verbose unbuild mongodb@1.0.0   '/usr/local/lib/node_modules',
verbose unbuild mongodb@1.0.0   '/usr/local/lib/node_modules' ]
info postuninstall mongodb@1.0.0
info unbuild /usr/local/lib/node_modules/mongodb
verbose caching /usr/local/lib/node_modules/mongodb/package.json
info preuninstall mongodb@1.0.0
info uninstall mongodb@1.0.0
verbose unbuild mongodb@1.0.0 [ true,
verbose unbuild mongodb@1.0.0   '/usr/local/lib/node_modules',
verbose unbuild mongodb@1.0.0   '/usr/local/lib/node_modules' ]
info postuninstall mongodb@1.0.0
ERR! error rolling back mongodb@1.0.0 Error: EPERM, chmod '/usr/local/lib/node_modules/mongodb'
ERR! Error: EPERM, chmod '/usr/local/lib/node_modules/mongodb'
ERR! 
ERR! Please try running this command again as root/Administrator.
ERR! 
ERR! System Linux 3.2.0-24-generic
ERR! command "node" "/usr/local/bin/npm" "install" "mongodb" "-g"
ERR! cwd /var/www/localhost/VCS/b.lock/bLock_webapp
ERR! node -v v0.6.15
ERR! npm -v 1.1.18
ERR! path /usr/local/lib/node_modules/mongodb
ERR! code EPERM
ERR! message EPERM, chmod '/usr/local/lib/node_modules/mongodb'
ERR! errno {}
verbose exit [ 1, true ]
